<?xml version="1.0" encoding="UTF-8"?>
<!-- Generated by org.testng.reporters.JUnitReportReporter -->
<testsuite skipped="0" hostname="Ajays-MacBook-Pro.local" name="users.ChartCreation_Test" tests="1" failures="0" timestamp="2022-03-02T19:07:48 IST" time="28.822" errors="0">
  <testcase name="Create_Chart" time="28.822" classname="users.ChartCreation_Test"/>
  <system-out>
Home page is displayed  </system-out>
</testsuite> <!-- users.ChartCreation_Test -->
