<?xml version="1.0" encoding="UTF-8"?>
<!-- Generated by org.testng.reporters.JUnitReportReporter -->
<testsuite skipped="0" hostname="Ajays-MacBook-Pro.local" name="users.SampleTestCase" tests="1" failures="0" timestamp="2022-02-28T18:11:33 IST" time="31.267" errors="0">
  <testcase name="sample" time="31.267" classname="users.SampleTestCase"/>
  <system-out/>
</testsuite> <!-- users.SampleTestCase -->
