<?xml version="1.0" encoding="UTF-8"?>
<!-- Generated by org.testng.reporters.JUnitReportReporter -->
<testsuite skipped="0" hostname="Ajays-MacBook-Pro.local" name="users.StaffPerformanceReport" tests="1" failures="0" timestamp="2022-03-02T12:14:27 IST" time="26.809" errors="0">
  <testcase name="sample" time="26.809" classname="users.StaffPerformanceReport"/>
  <system-out/>
</testsuite> <!-- users.StaffPerformanceReport -->
