<?xml version="1.0" encoding="UTF-8"?>
<!-- Generated by org.testng.reporters.JUnitReportReporter -->
<testsuite skipped="0" hostname="Ajays-MacBook-Pro.local" name="users.CreateChart_Test" tests="1" failures="0" timestamp="2022-03-02T11:41:38 IST" time="30.711" errors="0">
  <testcase name="Create_Chart" time="30.711" classname="users.CreateChart_Test"/>
  <system-out/>
</testsuite> <!-- users.CreateChart_Test -->
