<?xml version="1.0" encoding="UTF-8"?>
<!-- Generated by org.testng.reporters.JUnitReportReporter -->
<testsuite skipped="0" hostname="Ajays-MacBook-Pro.local" name="users.ReportCreation_Test" tests="1" failures="0" timestamp="2022-03-02T19:11:48 IST" time="31.607" errors="0">
  <testcase name="sample" time="31.607" classname="users.ReportCreation_Test"/>
  <system-out>
Home page is displayed  </system-out>
</testsuite> <!-- users.ReportCreation_Test -->
